# JRE version: OpenJDK Runtime Environment Temurin-21.0.6+7 (21.0.6+7) (build 21.0.6+7-LTS)
# Java VM: OpenJDK 64-Bit Server VM Temurin-21.0.6+7 (21.0.6+7-LTS, mixed mode, sharing, tiered, compressed oops, compressed class ptrs, parallel gc, windows-amd64)
GC Precious Log:
 CardTable entry size: 512
 CPUs: 4 total, 4 available
 Memory: 8074M
 Large Page Support: Disabled
 NUMA Support: Disabled
 Compressed Oops: Enabled (32-bit)
 Alignments: Space 512K, Generation 512K, Heap 2M
 Heap Min Capacity: 100M
 Heap Initial Capacity: 100M
 Heap Max Capacity: 1G
 Pre-touch: Disabled
 Parallel Workers: 4
Heap:
 PSYoungGen      total 8704K, used 5362K [0x00000000eab00000, 0x00000000eba00000, 0x0000000100000000)
  eden space 8192K, 59% used [0x00000000eab00000,0x00000000eafcad40,0x00000000eb300000)
  from space 512K, 93% used [0x00000000eb980000,0x00000000eb9f8010,0x00000000eba00000)
  to   space 1536K, 0% used [0x00000000eb700000,0x00000000eb700000,0x00000000eb880000)
 ParOldGen       total 68608K, used 51909K [0x00000000c0000000, 0x00000000c4300000, 0x00000000eab00000)
  object space 68608K, 75% used [0x00000000c0000000,0x00000000c32b1768,0x00000000c4300000)
 Metaspace       used 51566K, committed 52864K, reserved 1114112K
  class space    used 5688K, committed 6272K, reserved 1048576K
GC Heap History (20 events):
Event: 31.452 GC heap before
{Heap before GC invocations=32 (full 2):
 PSYoungGen      total 9216K, used 8448K [0x00000000eab00000, 0x00000000eba80000, 0x0000000100000000)
  eden space 8192K, 100% used [0x00000000eab00000,0x00000000eb300000,0x00000000eb300000)
  from space 1024K, 25% used [0x00000000eb880000,0x00000000eb8c0000,0x00000000eb980000)
  to   space 512K, 0% used [0x00000000eba00000,0x00000000eba00000,0x00000000eba80000)
 ParOldGen       total 68608K, used 46977K [0x00000000c0000000, 0x00000000c4300000, 0x00000000eab00000)
  object space 68608K, 68% used [0x00000000c0000000,0x00000000c2de05a8,0x00000000c4300000)
 Metaspace       used 49933K, committed 51136K, reserved 1114112K
  class space    used 5504K, committed 6080K, reserved 1048576K
}
Event: 31.454 GC heap after
{Heap after GC invocations=32 (full 2):
 PSYoungGen      total 8704K, used 432K [0x00000000eab00000, 0x00000000eba80000, 0x0000000100000000)
  eden space 8192K, 0% used [0x00000000eab00000,0x00000000eab00000,0x00000000eb300000)
  from space 512K, 84% used [0x00000000eba00000,0x00000000eba6c010,0x00000000eba80000)
  to   space 512K, 0% used [0x00000000eb980000,0x00000000eb980000,0x00000000eba00000)
 ParOldGen       total 68608K, used 47190K [0x00000000c0000000, 0x00000000c4300000, 0x00000000eab00000)
  object space 68608K, 68% used [0x00000000c0000000,0x00000000c2e15be0,0x00000000c4300000)
 Metaspace       used 49933K, committed 51136K, reserved 1114112K
  class space    used 5504K, committed 6080K, reserved 1048576K
}
Event: 31.765 GC heap before
{Heap before GC invocations=33 (full 2):
 PSYoungGen      total 8704K, used 8624K [0x00000000eab00000, 0x00000000eba80000, 0x0000000100000000)
  eden space 8192K, 100% used [0x00000000eab00000,0x00000000eb300000,0x00000000eb300000)
  from space 512K, 84% used [0x00000000eba00000,0x00000000eba6c010,0x00000000eba80000)
  to   space 512K, 0% used [0x00000000eb980000,0x00000000eb980000,0x00000000eba00000)
 ParOldGen       total 68608K, used 47190K [0x00000000c0000000, 0x00000000c4300000, 0x00000000eab00000)
  object space 68608K, 68% used [0x00000000c0000000,0x00000000c2e15be0,0x00000000c4300000)
 Metaspace       used 50155K, committed 51328K, reserved 1114112K
  class space    used 5534K, committed 6080K, reserved 1048576K
}
Event: 31.767 GC heap after
{Heap after GC invocations=33 (full 2):
 PSYoungGen      total 8704K, used 224K [0x00000000eab00000, 0x00000000eba80000, 0x0000000100000000)
  eden space 8192K, 0% used [0x00000000eab00000,0x00000000eab00000,0x00000000eb300000)
  from space 512K, 43% used [0x00000000eb980000,0x00000000eb9b8000,0x00000000eba00000)
  to   space 512K, 0% used [0x00000000eba00000,0x00000000eba00000,0x00000000eba80000)
 ParOldGen       total 68608K, used 47550K [0x00000000c0000000, 0x00000000c4300000, 0x00000000eab00000)
  object space 68608K, 69% used [0x00000000c0000000,0x00000000c2e6fbf0,0x00000000c4300000)
 Metaspace       used 50155K, committed 51328K, reserved 1114112K
  class space    used 5534K, committed 6080K, reserved 1048576K
}
Event: 32.015 GC heap before
{Heap before GC invocations=34 (full 2):
 PSYoungGen      total 8704K, used 8416K [0x00000000eab00000, 0x00000000eba80000, 0x0000000100000000)
  eden space 8192K, 100% used [0x00000000eab00000,0x00000000eb300000,0x00000000eb300000)
  from space 512K, 43% used [0x00000000eb980000,0x00000000eb9b8000,0x00000000eba00000)
  to   space 512K, 0% used [0x00000000eba00000,0x00000000eba00000,0x00000000eba80000)
 ParOldGen       total 68608K, used 47550K [0x00000000c0000000, 0x00000000c4300000, 0x00000000eab00000)
  object space 68608K, 69% used [0x00000000c0000000,0x00000000c2e6fbf0,0x00000000c4300000)
 Metaspace       used 50594K, committed 51776K, reserved 1114112K
  class space    used 5592K, committed 6144K, reserved 1048576K
}
Event: 32.017 GC heap after
{Heap after GC invocations=34 (full 2):
 PSYoungGen      total 8704K, used 288K [0x00000000eab00000, 0x00000000eba80000, 0x0000000100000000)
  eden space 8192K, 0% used [0x00000000eab00000,0x00000000eab00000,0x00000000eb300000)
  from space 512K, 56% used [0x00000000eba00000,0x00000000eba48000,0x00000000eba80000)
  to   space 512K, 0% used [0x00000000eb980000,0x00000000eb980000,0x00000000eba00000)
 ParOldGen       total 68608K, used 47702K [0x00000000c0000000, 0x00000000c4300000, 0x00000000eab00000)
  object space 68608K, 69% used [0x00000000c0000000,0x00000000c2e95bf0,0x00000000c4300000)
 Metaspace       used 50594K, committed 51776K, reserved 1114112K
  class space    used 5592K, committed 6144K, reserved 1048576K
}
Event: 32.143 GC heap before
{Heap before GC invocations=35 (full 2):
 PSYoungGen      total 8704K, used 8480K [0x00000000eab00000, 0x00000000eba80000, 0x0000000100000000)
  eden space 8192K, 100% used [0x00000000eab00000,0x00000000eb300000,0x00000000eb300000)
  from space 512K, 56% used [0x00000000eba00000,0x00000000eba48000,0x00000000eba80000)
  to   space 512K, 0% used [0x00000000eb980000,0x00000000eb980000,0x00000000eba00000)
 ParOldGen       total 68608K, used 47702K [0x00000000c0000000, 0x00000000c4300000, 0x00000000eab00000)
  object space 68608K, 69% used [0x00000000c0000000,0x00000000c2e95bf0,0x00000000c4300000)
 Metaspace       used 50627K, committed 51840K, reserved 1114112K
  class space    used 5592K, committed 6144K, reserved 1048576K
}
Event: 32.144 GC heap after
{Heap after GC invocations=35 (full 2):
 PSYoungGen      total 8704K, used 288K [0x00000000eab00000, 0x00000000eba80000, 0x0000000100000000)
  eden space 8192K, 0% used [0x00000000eab00000,0x00000000eab00000,0x00000000eb300000)
  from space 512K, 56% used [0x00000000eb980000,0x00000000eb9c8000,0x00000000eba00000)
  to   space 512K, 0% used [0x00000000eba00000,0x00000000eba00000,0x00000000eba80000)
 ParOldGen       total 68608K, used 47903K [0x00000000c0000000, 0x00000000c4300000, 0x00000000eab00000)
  object space 68608K, 69% used [0x00000000c0000000,0x00000000c2ec7f90,0x00000000c4300000)
 Metaspace       used 50627K, committed 51840K, reserved 1114112K
  class space    used 5592K, committed 6144K, reserved 1048576K
}
Event: 32.318 GC heap before
{Heap before GC invocations=36 (full 2):
 PSYoungGen      total 8704K, used 8480K [0x00000000eab00000, 0x00000000eba80000, 0x0000000100000000)
  eden space 8192K, 100% used [0x00000000eab00000,0x00000000eb300000,0x00000000eb300000)
  from space 512K, 56% used [0x00000000eb980000,0x00000000eb9c8000,0x00000000eba00000)
  to   space 512K, 0% used [0x00000000eba00000,0x00000000eba00000,0x00000000eba80000)
 ParOldGen       total 68608K, used 47903K [0x00000000c0000000, 0x00000000c4300000, 0x00000000eab00000)
  object space 68608K, 69% used [0x00000000c0000000,0x00000000c2ec7f90,0x00000000c4300000)
 Metaspace       used 50687K, committed 51904K, reserved 1114112K
  class space    used 5593K, committed 6144K, reserved 1048576K
}
Event: 32.321 GC heap after
{Heap after GC invocations=36 (full 2):
 PSYoungGen      total 8704K, used 512K [0x00000000eab00000, 0x00000000eba80000, 0x0000000100000000)
  eden space 8192K, 0% used [0x00000000eab00000,0x00000000eab00000,0x00000000eb300000)
  from space 512K, 100% used [0x00000000eba00000,0x00000000eba80000,0x00000000eba80000)
  to   space 1024K, 0% used [0x00000000eb880000,0x00000000eb880000,0x00000000eb980000)
 ParOldGen       total 68608K, used 48079K [0x00000000c0000000, 0x00000000c4300000, 0x00000000eab00000)
  object space 68608K, 70% used [0x00000000c0000000,0x00000000c2ef3f90,0x00000000c4300000)
 Metaspace       used 50687K, committed 51904K, reserved 1114112K
  class space    used 5593K, committed 6144K, reserved 1048576K
}
Event: 32.451 GC heap before
{Heap before GC invocations=37 (full 2):
 PSYoungGen      total 8704K, used 8703K [0x00000000eab00000, 0x00000000eba80000, 0x0000000100000000)
  eden space 8192K, 99% used [0x00000000eab00000,0x00000000eb2ffff8,0x00000000eb300000)
  from space 512K, 100% used [0x00000000eba00000,0x00000000eba80000,0x00000000eba80000)
  to   space 1024K, 0% used [0x00000000eb880000,0x00000000eb880000,0x00000000eb980000)
 ParOldGen       total 68608K, used 48079K [0x00000000c0000000, 0x00000000c4300000, 0x00000000eab00000)
  object space 68608K, 70% used [0x00000000c0000000,0x00000000c2ef3f90,0x00000000c4300000)
 Metaspace       used 50730K, committed 51904K, reserved 1114112K
  class space    used 5593K, committed 6144K, reserved 1048576K
}
Event: 32.454 GC heap after
{Heap after GC invocations=37 (full 2):
 PSYoungGen      total 9216K, used 288K [0x00000000eab00000, 0x00000000eba80000, 0x0000000100000000)
  eden space 8192K, 0% used [0x00000000eab00000,0x00000000eab00000,0x00000000eb300000)
  from space 1024K, 28% used [0x00000000eb880000,0x00000000eb8c8000,0x00000000eb980000)
  to   space 512K, 0% used [0x00000000eba00000,0x00000000eba00000,0x00000000eba80000)
 ParOldGen       total 68608K, used 48540K [0x00000000c0000000, 0x00000000c4300000, 0x00000000eab00000)
  object space 68608K, 70% used [0x00000000c0000000,0x00000000c2f672f8,0x00000000c4300000)
 Metaspace       used 50730K, committed 51904K, reserved 1114112K
  class space    used 5593K, committed 6144K, reserved 1048576K
}
Event: 32.599 GC heap before
{Heap before GC invocations=38 (full 2):
 PSYoungGen      total 9216K, used 8480K [0x00000000eab00000, 0x00000000eba80000, 0x0000000100000000)
  eden space 8192K, 100% used [0x00000000eab00000,0x00000000eb300000,0x00000000eb300000)
  from space 1024K, 28% used [0x00000000eb880000,0x00000000eb8c8000,0x00000000eb980000)
  to   space 512K, 0% used [0x00000000eba00000,0x00000000eba00000,0x00000000eba80000)
 ParOldGen       total 68608K, used 48540K [0x00000000c0000000, 0x00000000c4300000, 0x00000000eab00000)
  object space 68608K, 70% used [0x00000000c0000000,0x00000000c2f672f8,0x00000000c4300000)
 Metaspace       used 50945K, committed 52096K, reserved 1114112K
  class space    used 5604K, committed 6144K, reserved 1048576K
}
Event: 32.600 GC heap after
{Heap after GC invocations=38 (full 2):
 PSYoungGen      total 8704K, used 480K [0x00000000eab00000, 0x00000000eba80000, 0x0000000100000000)
  eden space 8192K, 0% used [0x00000000eab00000,0x00000000eab00000,0x00000000eb300000)
  from space 512K, 93% used [0x00000000eba00000,0x00000000eba78030,0x00000000eba80000)
  to   space 1024K, 0% used [0x00000000eb880000,0x00000000eb880000,0x00000000eb980000)
 ParOldGen       total 68608K, used 48932K [0x00000000c0000000, 0x00000000c4300000, 0x00000000eab00000)
  object space 68608K, 71% used [0x00000000c0000000,0x00000000c2fc9328,0x00000000c4300000)
 Metaspace       used 50945K, committed 52096K, reserved 1114112K
  class space    used 5604K, committed 6144K, reserved 1048576K
}
Event: 32.676 GC heap before
{Heap before GC invocations=39 (full 2):
 PSYoungGen      total 8704K, used 8672K [0x00000000eab00000, 0x00000000eba80000, 0x0000000100000000)
  eden space 8192K, 100% used [0x00000000eab00000,0x00000000eb300000,0x00000000eb300000)
  from space 512K, 93% used [0x00000000eba00000,0x00000000eba78030,0x00000000eba80000)
  to   space 1024K, 0% used [0x00000000eb880000,0x00000000eb880000,0x00000000eb980000)
 ParOldGen       total 68608K, used 48932K [0x00000000c0000000, 0x00000000c4300000, 0x00000000eab00000)
  object space 68608K, 71% used [0x00000000c0000000,0x00000000c2fc9328,0x00000000c4300000)
 Metaspace       used 50945K, committed 52096K, reserved 1114112K
  class space    used 5604K, committed 6144K, reserved 1048576K
}
Event: 32.678 GC heap after
{Heap after GC invocations=39 (full 2):
 PSYoungGen      total 9216K, used 864K [0x00000000eab00000, 0x00000000eba80000, 0x0000000100000000)
  eden space 8192K, 0% used [0x00000000eab00000,0x00000000eab00000,0x00000000eb300000)
  from space 1024K, 84% used [0x00000000eb880000,0x00000000eb958000,0x00000000eb980000)
  to   space 1024K, 0% used [0x00000000eb980000,0x00000000eb980000,0x00000000eba80000)
 ParOldGen       total 68608K, used 49420K [0x00000000c0000000, 0x00000000c4300000, 0x00000000eab00000)
  object space 68608K, 72% used [0x00000000c0000000,0x00000000c3043358,0x00000000c4300000)
 Metaspace       used 50945K, committed 52096K, reserved 1114112K
  class space    used 5604K, committed 6144K, reserved 1048576K
}
Event: 32.767 GC heap before
{Heap before GC invocations=40 (full 2):
 PSYoungGen      total 9216K, used 9056K [0x00000000eab00000, 0x00000000eba80000, 0x0000000100000000)
  eden space 8192K, 100% used [0x00000000eab00000,0x00000000eb300000,0x00000000eb300000)
  from space 1024K, 84% used [0x00000000eb880000,0x00000000eb958000,0x00000000eb980000)
  to   space 1024K, 0% used [0x00000000eb980000,0x00000000eb980000,0x00000000eba80000)
 ParOldGen       total 68608K, used 49420K [0x00000000c0000000, 0x00000000c4300000, 0x00000000eab00000)
  object space 68608K, 72% used [0x00000000c0000000,0x00000000c3043358,0x00000000c4300000)
 Metaspace       used 50948K, committed 52096K, reserved 1114112K
  class space    used 5604K, committed 6144K, reserved 1048576K
}
Event: 32.772 GC heap after
{Heap after GC invocations=40 (full 2):
 PSYoungGen      total 9216K, used 864K [0x00000000eab00000, 0x00000000eba80000, 0x0000000100000000)
  eden space 8192K, 0% used [0x00000000eab00000,0x00000000eab00000,0x00000000eb300000)
  from space 1024K, 84% used [0x00000000eb980000,0x00000000eba58010,0x00000000eba80000)
  to   space 1024K, 0% used [0x00000000eb880000,0x00000000eb880000,0x00000000eb980000)
 ParOldGen       total 68608K, used 50220K [0x00000000c0000000, 0x00000000c4300000, 0x00000000eab00000)
  object space 68608K, 73% used [0x00000000c0000000,0x00000000c310b358,0x00000000c4300000)
 Metaspace       used 50948K, committed 52096K, reserved 1114112K
  class space    used 5604K, committed 6144K, reserved 1048576K
}
Event: 32.911 GC heap before
{Heap before GC invocations=41 (full 2):
 PSYoungGen      total 9216K, used 9056K [0x00000000eab00000, 0x00000000eba80000, 0x0000000100000000)
  eden space 8192K, 99% used [0x00000000eab00000,0x00000000eb2ffff8,0x00000000eb300000)
  from space 1024K, 84% used [0x00000000eb980000,0x00000000eba58010,0x00000000eba80000)
  to   space 1024K, 0% used [0x00000000eb880000,0x00000000eb880000,0x00000000eb980000)
 ParOldGen       total 68608K, used 50220K [0x00000000c0000000, 0x00000000c4300000, 0x00000000eab00000)
  object space 68608K, 73% used [0x00000000c0000000,0x00000000c310b358,0x00000000c4300000)
 Metaspace       used 50992K, committed 52160K, reserved 1114112K
  class space    used 5608K, committed 6144K, reserved 1048576K
}
Event: 32.914 GC heap after
{Heap after GC invocations=41 (full 2):
 PSYoungGen      total 9216K, used 913K [0x00000000eab00000, 0x00000000eba00000, 0x0000000100000000)
  eden space 8192K, 0% used [0x00000000eab00000,0x00000000eab00000,0x00000000eb300000)
  from space 1024K, 89% used [0x00000000eb880000,0x00000000eb964400,0x00000000eb980000)
  to   space 512K, 0% used [0x00000000eb980000,0x00000000eb980000,0x00000000eba00000)
 ParOldGen       total 68608K, used 51036K [0x00000000c0000000, 0x00000000c4300000, 0x00000000eab00000)
  object space 68608K, 74% used [0x00000000c0000000,0x00000000c31d7368,0x00000000c4300000)
 Metaspace       used 50992K, committed 52160K, reserved 1114112K
  class space    used 5608K, committed 6144K, reserved 1048576K
}

